
*** Running vivado
    with args -log design_1_wrapper.vds -m64 -product Vivado -mode batch -messageDb vivado.pb -notrace -source design_1_wrapper.tcl



****** Vivado v2021.2 (64-bit)
  **** SW Build 3367213 on Tue Oct 19 02:48:09 MDT 2021
  **** IP Build 3369179 on Thu Oct 21 08:25:16 MDT 2021
    ** Copyright 1986-2021 Xilinx, Inc. All Rights Reserved.

source design_1_wrapper.tcl -notrace
INFO: [IP_Flow 19-234] Refreshing IP repositories
INFO: [IP_Flow 19-1704] No user IP repositories specified
INFO: [IP_Flow 19-2313] Loaded Vivado IP repository 'D:/xilinx/Vivado/2021.2/data/ip'.
add_files: Time (s): cpu = 00:00:01 ; elapsed = 00:00:06 . Memory (MB): peak = 1604.410 ; gain = 0.000
Command: read_checkpoint -auto_incremental -incremental C:/Users/Mando/Documents/projects/COMP3601_group_n/COMP3601_group.srcs/utils_1/imports/synth_1/design_1_wrapper.dcp
INFO: [Vivado 12-5825] Read reference checkpoint from C:/Users/Mando/Documents/projects/COMP3601_group_n/COMP3601_group.srcs/utils_1/imports/synth_1/design_1_wrapper.dcp for incremental synthesis
INFO: [Vivado 12-7989] Please ensure there are no constraint changes
Command: synth_design -top design_1_wrapper -part xck26-sfvc784-2LV-c
Starting synth_design
Attempting to get a license for feature 'Synthesis' and/or device 'xck26'
INFO: [Common 17-349] Got license for feature 'Synthesis' and/or device 'xck26'
INFO: [Device 21-403] Loading part xck26-sfvc784-2LV-c
WARNING: [Designutils 20-4072] Reference run did not run incremental synthesis because the design is too small; reverting to default synthesis
INFO: [Designutils 20-4379] Flow is switching to default flow due to incremental criteria not met. If you would like to alter this behaviour and have the flow terminate instead, please set the following parameter config_implementation {autoIncr.Synth.RejectBehavior Terminate}
INFO: [Synth 8-7079] Multithreading enabled for synth_design using a maximum of 2 processes.
INFO: [Synth 8-7078] Launching helper process for spawning children vivado processes
INFO: [Synth 8-7075] Helper process launched with PID 33904
---------------------------------------------------------------------------------
Starting RTL Elaboration : Time (s): cpu = 00:00:00 ; elapsed = 00:00:03 . Memory (MB): peak = 2013.934 ; gain = 246.879
---------------------------------------------------------------------------------
INFO: [Synth 8-6157] synthesizing module 'design_1_wrapper' [C:/Users/Mando/Documents/projects/COMP3601_group_n/COMP3601_group.gen/sources_1/bd/design_1/hdl/design_1_wrapper.v:12]
INFO: [Synth 8-638] synthesizing module 'design_1' [c:/Users/Mando/Documents/projects/COMP3601_group_n/COMP3601_group.gen/sources_1/bd/design_1/synth/design_1.vhd:1284]
INFO: [Synth 8-3491] module 'design_1_audio_pipeline_0_1' declared at 'C:/Users/Mando/Documents/projects/COMP3601_group_n/COMP3601_group.runs/synth_1/.Xil/Vivado-28388-Ziyao-DESKTOP/realtime/design_1_audio_pipeline_0_1_stub.vhdl:5' bound to instance 'audio_pipeline_0' of component 'design_1_audio_pipeline_0_1' [c:/Users/Mando/Documents/projects/COMP3601_group_n/COMP3601_group.gen/sources_1/bd/design_1/synth/design_1.vhd:1653]
INFO: [Synth 8-638] synthesizing module 'design_1_audio_pipeline_0_1' [C:/Users/Mando/Documents/projects/COMP3601_group_n/COMP3601_group.runs/synth_1/.Xil/Vivado-28388-Ziyao-DESKTOP/realtime/design_1_audio_pipeline_0_1_stub.vhdl:42]
WARNING: [Synth 8-5640] Port 'axi_dma_tstvec' is missing in component declaration [c:/Users/Mando/Documents/projects/COMP3601_group_n/COMP3601_group.gen/sources_1/bd/design_1/synth/design_1.vhd:1373]
INFO: [Synth 8-3491] module 'design_1_axi_dma_0_0' declared at 'C:/Users/Mando/Documents/projects/COMP3601_group_n/COMP3601_group.runs/synth_1/.Xil/Vivado-28388-Ziyao-DESKTOP/realtime/design_1_axi_dma_0_0_stub.vhdl:5' bound to instance 'axi_dma_0' of component 'design_1_axi_dma_0_0' [c:/Users/Mando/Documents/projects/COMP3601_group_n/COMP3601_group.gen/sources_1/bd/design_1/synth/design_1.vhd:1687]
INFO: [Synth 8-638] synthesizing module 'design_1_axi_dma_0_0' [C:/Users/Mando/Documents/projects/COMP3601_group_n/COMP3601_group.runs/synth_1/.Xil/Vivado-28388-Ziyao-DESKTOP/realtime/design_1_axi_dma_0_0_stub.vhdl:54]
INFO: [Synth 8-3491] module 'design_1_axi_smc_1' declared at 'C:/Users/Mando/Documents/projects/COMP3601_group_n/COMP3601_group.runs/synth_1/.Xil/Vivado-28388-Ziyao-DESKTOP/realtime/design_1_axi_smc_1_stub.vhdl:5' bound to instance 'axi_smc' of component 'design_1_axi_smc_1' [c:/Users/Mando/Documents/projects/COMP3601_group_n/COMP3601_group.gen/sources_1/bd/design_1/synth/design_1.vhd:1732]
INFO: [Synth 8-638] synthesizing module 'design_1_axi_smc_1' [C:/Users/Mando/Documents/projects/COMP3601_group_n/COMP3601_group.runs/synth_1/.Xil/Vivado-28388-Ziyao-DESKTOP/realtime/design_1_axi_smc_1_stub.vhdl:49]
INFO: [Synth 8-3491] module 'design_1_clk_wiz_0_0' declared at 'C:/Users/Mando/Documents/projects/COMP3601_group_n/COMP3601_group.runs/synth_1/.Xil/Vivado-28388-Ziyao-DESKTOP/realtime/design_1_clk_wiz_0_0_stub.vhdl:5' bound to instance 'clk_wiz_0' of component 'design_1_clk_wiz_0_0' [c:/Users/Mando/Documents/projects/COMP3601_group_n/COMP3601_group.gen/sources_1/bd/design_1/synth/design_1.vhd:1773]
INFO: [Synth 8-638] synthesizing module 'design_1_clk_wiz_0_0' [C:/Users/Mando/Documents/projects/COMP3601_group_n/COMP3601_group.runs/synth_1/.Xil/Vivado-28388-Ziyao-DESKTOP/realtime/design_1_clk_wiz_0_0_stub.vhdl:13]
INFO: [Synth 8-638] synthesizing module 'design_1_ps8_0_axi_periph_1' [c:/Users/Mando/Documents/projects/COMP3601_group_n/COMP3601_group.gen/sources_1/bd/design_1/synth/design_1.vhd:807]
INFO: [Synth 8-638] synthesizing module 'm00_couplers_imp_QJIMLI' [c:/Users/Mando/Documents/projects/COMP3601_group_n/COMP3601_group.gen/sources_1/bd/design_1/synth/design_1.vhd:61]
INFO: [Synth 8-256] done synthesizing module 'm00_couplers_imp_QJIMLI' (1#1) [c:/Users/Mando/Documents/projects/COMP3601_group_n/COMP3601_group.gen/sources_1/bd/design_1/synth/design_1.vhd:61]
INFO: [Synth 8-638] synthesizing module 'm01_couplers_imp_1D3SAH3' [c:/Users/Mando/Documents/projects/COMP3601_group_n/COMP3601_group.gen/sources_1/bd/design_1/synth/design_1.vhd:166]
INFO: [Synth 8-256] done synthesizing module 'm01_couplers_imp_1D3SAH3' (2#1) [c:/Users/Mando/Documents/projects/COMP3601_group_n/COMP3601_group.gen/sources_1/bd/design_1/synth/design_1.vhd:166]
INFO: [Synth 8-638] synthesizing module 's00_couplers_imp_1A7ZMW4' [c:/Users/Mando/Documents/projects/COMP3601_group_n/COMP3601_group.gen/sources_1/bd/design_1/synth/design_1.vhd:286]
INFO: [Synth 8-3491] module 'design_1_auto_ds_0' declared at 'C:/Users/Mando/Documents/projects/COMP3601_group_n/COMP3601_group.runs/synth_1/.Xil/Vivado-28388-Ziyao-DESKTOP/realtime/design_1_auto_ds_0_stub.vhdl:5' bound to instance 'auto_ds' of component 'design_1_auto_ds_0' [c:/Users/Mando/Documents/projects/COMP3601_group_n/COMP3601_group.gen/sources_1/bd/design_1/synth/design_1.vhd:579]
INFO: [Synth 8-638] synthesizing module 'design_1_auto_ds_0' [C:/Users/Mando/Documents/projects/COMP3601_group_n/COMP3601_group.runs/synth_1/.Xil/Vivado-28388-Ziyao-DESKTOP/realtime/design_1_auto_ds_0_stub.vhdl:87]
INFO: [Synth 8-3491] module 'design_1_auto_pc_0' declared at 'C:/Users/Mando/Documents/projects/COMP3601_group_n/COMP3601_group.runs/synth_1/.Xil/Vivado-28388-Ziyao-DESKTOP/realtime/design_1_auto_pc_0_stub.vhdl:5' bound to instance 'auto_pc' of component 'design_1_auto_pc_0' [c:/Users/Mando/Documents/projects/COMP3601_group_n/COMP3601_group.gen/sources_1/bd/design_1/synth/design_1.vhd:658]
INFO: [Synth 8-638] synthesizing module 'design_1_auto_pc_0' [C:/Users/Mando/Documents/projects/COMP3601_group_n/COMP3601_group.runs/synth_1/.Xil/Vivado-28388-Ziyao-DESKTOP/realtime/design_1_auto_pc_0_stub.vhdl:67]
INFO: [Synth 8-256] done synthesizing module 's00_couplers_imp_1A7ZMW4' (3#1) [c:/Users/Mando/Documents/projects/COMP3601_group_n/COMP3601_group.gen/sources_1/bd/design_1/synth/design_1.vhd:286]
INFO: [Synth 8-3491] module 'design_1_xbar_0' declared at 'C:/Users/Mando/Documents/projects/COMP3601_group_n/COMP3601_group.runs/synth_1/.Xil/Vivado-28388-Ziyao-DESKTOP/realtime/design_1_xbar_0_stub.vhdl:5' bound to instance 'xbar' of component 'design_1_xbar_0' [c:/Users/Mando/Documents/projects/COMP3601_group_n/COMP3601_group.gen/sources_1/bd/design_1/synth/design_1.vhd:1205]
INFO: [Synth 8-638] synthesizing module 'design_1_xbar_0' [C:/Users/Mando/Documents/projects/COMP3601_group_n/COMP3601_group.runs/synth_1/.Xil/Vivado-28388-Ziyao-DESKTOP/realtime/design_1_xbar_0_stub.vhdl:51]
INFO: [Synth 8-256] done synthesizing module 'design_1_ps8_0_axi_periph_1' (4#1) [c:/Users/Mando/Documents/projects/COMP3601_group_n/COMP3601_group.gen/sources_1/bd/design_1/synth/design_1.vhd:807]
INFO: [Synth 8-3491] module 'design_1_rst_ps8_0_99M_1' declared at 'C:/Users/Mando/Documents/projects/COMP3601_group_n/COMP3601_group.runs/synth_1/.Xil/Vivado-28388-Ziyao-DESKTOP/realtime/design_1_rst_ps8_0_99M_1_stub.vhdl:5' bound to instance 'rst_ps8_0_99M' of component 'design_1_rst_ps8_0_99M_1' [c:/Users/Mando/Documents/projects/COMP3601_group_n/COMP3601_group.gen/sources_1/bd/design_1/synth/design_1.vhd:1861]
INFO: [Synth 8-638] synthesizing module 'design_1_rst_ps8_0_99M_1' [C:/Users/Mando/Documents/projects/COMP3601_group_n/COMP3601_group.runs/synth_1/.Xil/Vivado-28388-Ziyao-DESKTOP/realtime/design_1_rst_ps8_0_99M_1_stub.vhdl:21]
INFO: [Synth 8-3491] module 'design_1_zynq_ultra_ps_e_0_0' declared at 'C:/Users/Mando/Documents/projects/COMP3601_group_n/COMP3601_group.runs/synth_1/.Xil/Vivado-28388-Ziyao-DESKTOP/realtime/design_1_zynq_ultra_ps_e_0_0_stub.vhdl:5' bound to instance 'zynq_ultra_ps_e_0' of component 'design_1_zynq_ultra_ps_e_0_0' [c:/Users/Mando/Documents/projects/COMP3601_group_n/COMP3601_group.gen/sources_1/bd/design_1/synth/design_1.vhd:1874]
INFO: [Synth 8-638] synthesizing module 'design_1_zynq_ultra_ps_e_0_0' [C:/Users/Mando/Documents/projects/COMP3601_group_n/COMP3601_group.runs/synth_1/.Xil/Vivado-28388-Ziyao-DESKTOP/realtime/design_1_zynq_ultra_ps_e_0_0_stub.vhdl:95]
INFO: [Synth 8-256] done synthesizing module 'design_1' (5#1) [c:/Users/Mando/Documents/projects/COMP3601_group_n/COMP3601_group.gen/sources_1/bd/design_1/synth/design_1.vhd:1284]
INFO: [Synth 8-6155] done synthesizing module 'design_1_wrapper' (6#1) [C:/Users/Mando/Documents/projects/COMP3601_group_n/COMP3601_group.gen/sources_1/bd/design_1/hdl/design_1_wrapper.v:12]
WARNING: [Synth 8-7129] Port M_ACLK in module s00_couplers_imp_1A7ZMW4 is either unconnected or has no load
WARNING: [Synth 8-7129] Port M_ARESETN in module s00_couplers_imp_1A7ZMW4 is either unconnected or has no load
WARNING: [Synth 8-7129] Port M_ACLK in module m01_couplers_imp_1D3SAH3 is either unconnected or has no load
WARNING: [Synth 8-7129] Port M_ARESETN in module m01_couplers_imp_1D3SAH3 is either unconnected or has no load
WARNING: [Synth 8-7129] Port S_ACLK in module m01_couplers_imp_1D3SAH3 is either unconnected or has no load
WARNING: [Synth 8-7129] Port S_ARESETN in module m01_couplers_imp_1D3SAH3 is either unconnected or has no load
WARNING: [Synth 8-7129] Port M_ACLK in module m00_couplers_imp_QJIMLI is either unconnected or has no load
WARNING: [Synth 8-7129] Port M_ARESETN in module m00_couplers_imp_QJIMLI is either unconnected or has no load
WARNING: [Synth 8-7129] Port S_ACLK in module m00_couplers_imp_QJIMLI is either unconnected or has no load
WARNING: [Synth 8-7129] Port S_ARESETN in module m00_couplers_imp_QJIMLI is either unconnected or has no load
WARNING: [Synth 8-7129] Port M00_ACLK in module design_1_ps8_0_axi_periph_1 is either unconnected or has no load
WARNING: [Synth 8-7129] Port M00_ARESETN in module design_1_ps8_0_axi_periph_1 is either unconnected or has no load
WARNING: [Synth 8-7129] Port M01_ACLK in module design_1_ps8_0_axi_periph_1 is either unconnected or has no load
WARNING: [Synth 8-7129] Port M01_ARESETN in module design_1_ps8_0_axi_periph_1 is either unconnected or has no load
WARNING: [Synth 8-7129] Port S00_ACLK in module design_1_ps8_0_axi_periph_1 is either unconnected or has no load
WARNING: [Synth 8-7129] Port S00_ARESETN in module design_1_ps8_0_axi_periph_1 is either unconnected or has no load
---------------------------------------------------------------------------------
Finished RTL Elaboration : Time (s): cpu = 00:00:01 ; elapsed = 00:00:03 . Memory (MB): peak = 2081.543 ; gain = 314.488
---------------------------------------------------------------------------------
---------------------------------------------------------------------------------
Start Handling Custom Attributes
---------------------------------------------------------------------------------
---------------------------------------------------------------------------------
Finished Handling Custom Attributes : Time (s): cpu = 00:00:01 ; elapsed = 00:00:04 . Memory (MB): peak = 2099.438 ; gain = 332.383
---------------------------------------------------------------------------------
---------------------------------------------------------------------------------
Finished RTL Optimization Phase 1 : Time (s): cpu = 00:00:01 ; elapsed = 00:00:04 . Memory (MB): peak = 2099.438 ; gain = 332.383
---------------------------------------------------------------------------------
Netlist sorting complete. Time (s): cpu = 00:00:00 ; elapsed = 00:00:00.017 . Memory (MB): peak = 2099.438 ; gain = 0.000
INFO: [Project 1-570] Preparing netlist for logic optimization

Processing XDC Constraints
Initializing timing engine
Parsing XDC File [c:/Users/Mando/Documents/projects/COMP3601_group_n/COMP3601_group.gen/sources_1/bd/design_1/ip/design_1_zynq_ultra_ps_e_0_0/design_1_zynq_ultra_ps_e_0_0/design_1_zynq_ultra_ps_e_0_0_in_context.xdc] for cell 'design_1_i/zynq_ultra_ps_e_0'
Finished Parsing XDC File [c:/Users/Mando/Documents/projects/COMP3601_group_n/COMP3601_group.gen/sources_1/bd/design_1/ip/design_1_zynq_ultra_ps_e_0_0/design_1_zynq_ultra_ps_e_0_0/design_1_zynq_ultra_ps_e_0_0_in_context.xdc] for cell 'design_1_i/zynq_ultra_ps_e_0'
Parsing XDC File [c:/Users/Mando/Documents/projects/COMP3601_group_n/COMP3601_group.gen/sources_1/bd/design_1/ip/design_1_axi_dma_0_0/design_1_axi_dma_0_0/design_1_axi_dma_0_0_in_context.xdc] for cell 'design_1_i/axi_dma_0'
Finished Parsing XDC File [c:/Users/Mando/Documents/projects/COMP3601_group_n/COMP3601_group.gen/sources_1/bd/design_1/ip/design_1_axi_dma_0_0/design_1_axi_dma_0_0/design_1_axi_dma_0_0_in_context.xdc] for cell 'design_1_i/axi_dma_0'
Parsing XDC File [c:/Users/Mando/Documents/projects/COMP3601_group_n/COMP3601_group.gen/sources_1/bd/design_1/ip/design_1_xbar_0/design_1_xbar_0/design_1_xbar_0_in_context.xdc] for cell 'design_1_i/ps8_0_axi_periph/xbar'
Finished Parsing XDC File [c:/Users/Mando/Documents/projects/COMP3601_group_n/COMP3601_group.gen/sources_1/bd/design_1/ip/design_1_xbar_0/design_1_xbar_0/design_1_xbar_0_in_context.xdc] for cell 'design_1_i/ps8_0_axi_periph/xbar'
Parsing XDC File [c:/Users/Mando/Documents/projects/COMP3601_group_n/COMP3601_group.gen/sources_1/bd/design_1/ip/design_1_auto_ds_0/design_1_auto_ds_0/design_1_auto_ds_0_in_context.xdc] for cell 'design_1_i/ps8_0_axi_periph/s00_couplers/auto_ds'
Finished Parsing XDC File [c:/Users/Mando/Documents/projects/COMP3601_group_n/COMP3601_group.gen/sources_1/bd/design_1/ip/design_1_auto_ds_0/design_1_auto_ds_0/design_1_auto_ds_0_in_context.xdc] for cell 'design_1_i/ps8_0_axi_periph/s00_couplers/auto_ds'
Parsing XDC File [c:/Users/Mando/Documents/projects/COMP3601_group_n/COMP3601_group.gen/sources_1/bd/design_1/ip/design_1_auto_pc_0/design_1_auto_pc_0/design_1_auto_pc_0_in_context.xdc] for cell 'design_1_i/ps8_0_axi_periph/s00_couplers/auto_pc'
Finished Parsing XDC File [c:/Users/Mando/Documents/projects/COMP3601_group_n/COMP3601_group.gen/sources_1/bd/design_1/ip/design_1_auto_pc_0/design_1_auto_pc_0/design_1_auto_pc_0_in_context.xdc] for cell 'design_1_i/ps8_0_axi_periph/s00_couplers/auto_pc'
Parsing XDC File [c:/Users/Mando/Documents/projects/COMP3601_group_n/COMP3601_group.gen/sources_1/bd/design_1/ip/design_1_rst_ps8_0_99M_1/design_1_rst_ps8_0_99M_1/design_1_rst_ps8_0_99M_1_in_context.xdc] for cell 'design_1_i/rst_ps8_0_99M'
Finished Parsing XDC File [c:/Users/Mando/Documents/projects/COMP3601_group_n/COMP3601_group.gen/sources_1/bd/design_1/ip/design_1_rst_ps8_0_99M_1/design_1_rst_ps8_0_99M_1/design_1_rst_ps8_0_99M_1_in_context.xdc] for cell 'design_1_i/rst_ps8_0_99M'
Parsing XDC File [c:/Users/Mando/Documents/projects/COMP3601_group_n/COMP3601_group.gen/sources_1/bd/design_1/ip/design_1_axi_smc_1/design_1_axi_smc_1/design_1_axi_smc_1_in_context.xdc] for cell 'design_1_i/axi_smc'
Finished Parsing XDC File [c:/Users/Mando/Documents/projects/COMP3601_group_n/COMP3601_group.gen/sources_1/bd/design_1/ip/design_1_axi_smc_1/design_1_axi_smc_1/design_1_axi_smc_1_in_context.xdc] for cell 'design_1_i/axi_smc'
Parsing XDC File [c:/Users/Mando/Documents/projects/COMP3601_group_n/COMP3601_group.gen/sources_1/bd/design_1/ip/design_1_clk_wiz_0_0/design_1_clk_wiz_0_0/design_1_clk_wiz_0_0_in_context.xdc] for cell 'design_1_i/clk_wiz_0'
Finished Parsing XDC File [c:/Users/Mando/Documents/projects/COMP3601_group_n/COMP3601_group.gen/sources_1/bd/design_1/ip/design_1_clk_wiz_0_0/design_1_clk_wiz_0_0/design_1_clk_wiz_0_0_in_context.xdc] for cell 'design_1_i/clk_wiz_0'
Parsing XDC File [c:/Users/Mando/Documents/projects/COMP3601_group_n/COMP3601_group.gen/sources_1/bd/design_1/ip/design_1_audio_pipeline_0_1/design_1_audio_pipeline_0_1/design_1_audio_pipeline_0_1_in_context.xdc] for cell 'design_1_i/audio_pipeline_0'
Finished Parsing XDC File [c:/Users/Mando/Documents/projects/COMP3601_group_n/COMP3601_group.gen/sources_1/bd/design_1/ip/design_1_audio_pipeline_0_1/design_1_audio_pipeline_0_1/design_1_audio_pipeline_0_1_in_context.xdc] for cell 'design_1_i/audio_pipeline_0'
Parsing XDC File [C:/Users/Mando/Documents/projects/kria-constraints.xdc]
WARNING: [Vivado 12-584] No ports matched 'pmod_i2s2_lrclk'. [C:/Users/Mando/Documents/projects/kria-constraints.xdc:13]
WARNING: [Vivado 12-584] No ports matched 'pmod_i2s2_dout'. [C:/Users/Mando/Documents/projects/kria-constraints.xdc:15]
WARNING: [Vivado 12-584] No ports matched 'pmod_i2s2_bclk'. [C:/Users/Mando/Documents/projects/kria-constraints.xdc:17]
WARNING: [Vivado 12-584] No ports matched 'led_dout'. [C:/Users/Mando/Documents/projects/kria-constraints.xdc:19]
WARNING: [Vivado 12-584] No ports matched 'sw_din'. [C:/Users/Mando/Documents/projects/kria-constraints.xdc:20]
WARNING: [Vivado 12-584] No ports matched 'pmod_i2s2_bclk'. [C:/Users/Mando/Documents/projects/kria-constraints.xdc:23]
WARNING: [Vivado 12-584] No ports matched 'pmod_i2s2_dout'. [C:/Users/Mando/Documents/projects/kria-constraints.xdc:25]
WARNING: [Vivado 12-584] No ports matched 'pmod_i2s2_lrclk'. [C:/Users/Mando/Documents/projects/kria-constraints.xdc:27]
WARNING: [Vivado 12-584] No ports matched 'led_dout'. [C:/Users/Mando/Documents/projects/kria-constraints.xdc:29]
WARNING: [Vivado 12-584] No ports matched 'sw_in'. [C:/Users/Mando/Documents/projects/kria-constraints.xdc:30]
WARNING: [Vivado 12-584] No ports matched 'pmod_i2s2_bclk'. [C:/Users/Mando/Documents/projects/kria-constraints.xdc:33]
WARNING: [Vivado 12-584] No ports matched 'pmod_i2s2_dout'. [C:/Users/Mando/Documents/projects/kria-constraints.xdc:35]
WARNING: [Vivado 12-4702] SLEW is not a supported property on input port(s). Setting is ignored. [C:/Users/Mando/Documents/projects/kria-constraints.xdc:36]
WARNING: [Vivado 12-584] No ports matched 'pmod_i2s2_lrclk'. [C:/Users/Mando/Documents/projects/kria-constraints.xdc:37]
WARNING: [Vivado 12-584] No ports matched 'led_dout'. [C:/Users/Mando/Documents/projects/kria-constraints.xdc:39]
WARNING: [Vivado 12-584] No ports matched 'sw_din'. [C:/Users/Mando/Documents/projects/kria-constraints.xdc:40]
WARNING: [Vivado 12-584] No ports matched 'pmod_i2s2_bclk'. [C:/Users/Mando/Documents/projects/kria-constraints.xdc:43]
WARNING: [Vivado 12-584] No ports matched 'pmod_i2s2_dout'. [C:/Users/Mando/Documents/projects/kria-constraints.xdc:45]
WARNING: [Vivado 12-4702] DRIVE is not a supported property on input port(s). Setting is ignored. [C:/Users/Mando/Documents/projects/kria-constraints.xdc:46]
WARNING: [Vivado 12-584] No ports matched 'pmod_i2s2_lrclk'. [C:/Users/Mando/Documents/projects/kria-constraints.xdc:47]
WARNING: [Vivado 12-584] No ports matched 'led_dout'. [C:/Users/Mando/Documents/projects/kria-constraints.xdc:49]
WARNING: [Vivado 12-584] No ports matched 'sw_din'. [C:/Users/Mando/Documents/projects/kria-constraints.xdc:50]
Finished Parsing XDC File [C:/Users/Mando/Documents/projects/kria-constraints.xdc]
WARNING: [Project 1-498] One or more constraints failed evaluation while reading constraint file [C:/Users/Mando/Documents/projects/kria-constraints.xdc] and the design contains unresolved black boxes. These constraints will be read post-synthesis (as long as their source constraint file is marked as used_in_implementation) and should be applied correctly then. You should review the constraints listed in the file [.Xil/design_1_wrapper_propImpl.xdc] and check the run log file to verify that these constraints were correctly applied.
INFO: [Project 1-236] Implementation specific constraints were found while reading constraint file [C:/Users/Mando/Documents/projects/kria-constraints.xdc]. These constraints will be ignored for synthesis but will be used in implementation. Impacted constraints are listed in the file [.Xil/design_1_wrapper_propImpl.xdc].
Resolution: To avoid this warning, move constraints listed in [.Xil/design_1_wrapper_propImpl.xdc] to another XDC file and exclude this new file from synthesis with the used_in_synthesis property (File Properties dialog in GUI) and re-run elaboration/synthesis.
Parsing XDC File [C:/Users/Mando/Documents/projects/COMP3601_group_n/COMP3601_group.runs/synth_1/dont_touch.xdc]
Finished Parsing XDC File [C:/Users/Mando/Documents/projects/COMP3601_group_n/COMP3601_group.runs/synth_1/dont_touch.xdc]
Completed Processing XDC Constraints

Netlist sorting complete. Time (s): cpu = 00:00:00 ; elapsed = 00:00:00 . Memory (MB): peak = 2140.902 ; gain = 0.000
INFO: [Project 1-111] Unisim Transformation Summary:
No Unisim elements were transformed.

Constraint Validation Runtime : Time (s): cpu = 00:00:00 ; elapsed = 00:00:00.004 . Memory (MB): peak = 2140.902 ; gain = 0.000
WARNING: [Designutils 20-4072] Reference run did not run incremental synthesis because the design is too small; reverting to default synthesis
INFO: [Designutils 20-4379] Flow is switching to default flow due to incremental criteria not met. If you would like to alter this behaviour and have the flow terminate instead, please set the following parameter config_implementation {autoIncr.Synth.RejectBehavior Terminate}
---------------------------------------------------------------------------------
Finished Constraint Validation : Time (s): cpu = 00:00:02 ; elapsed = 00:00:09 . Memory (MB): peak = 2140.902 ; gain = 373.848
---------------------------------------------------------------------------------
---------------------------------------------------------------------------------
Start Loading Part and Timing Information
---------------------------------------------------------------------------------
Loading part: xck26-sfvc784-2LV-c
INFO: [Synth 8-6742] Reading net delay rules and data
---------------------------------------------------------------------------------
Finished Loading Part and Timing Information : Time (s): cpu = 00:00:02 ; elapsed = 00:00:09 . Memory (MB): peak = 2140.902 ; gain = 373.848
---------------------------------------------------------------------------------
---------------------------------------------------------------------------------
Start Applying 'set_property' XDC Constraints
---------------------------------------------------------------------------------
Applied set_property KEEP_HIERARCHY = SOFT for design_1_i. (constraint file  auto generated constraint).
Applied set_property KEEP_HIERARCHY = SOFT for design_1_i/zynq_ultra_ps_e_0. (constraint file  auto generated constraint).
Applied set_property KEEP_HIERARCHY = SOFT for design_1_i/axi_dma_0. (constraint file  auto generated constraint).
Applied set_property KEEP_HIERARCHY = SOFT for design_1_i/ps8_0_axi_periph/xbar. (constraint file  auto generated constraint).
Applied set_property KEEP_HIERARCHY = SOFT for design_1_i/ps8_0_axi_periph/s00_couplers/auto_ds. (constraint file  auto generated constraint).
Applied set_property KEEP_HIERARCHY = SOFT for design_1_i/ps8_0_axi_periph/s00_couplers/auto_pc. (constraint file  auto generated constraint).
Applied set_property KEEP_HIERARCHY = SOFT for design_1_i/ps8_0_axi_periph. (constraint file  auto generated constraint).
Applied set_property KEEP_HIERARCHY = SOFT for design_1_i/rst_ps8_0_99M. (constraint file  auto generated constraint).
Applied set_property KEEP_HIERARCHY = SOFT for design_1_i/axi_smc. (constraint file  auto generated constraint).
Applied set_property KEEP_HIERARCHY = SOFT for design_1_i/clk_wiz_0. (constraint file  auto generated constraint).
Applied set_property KEEP_HIERARCHY = SOFT for design_1_i/audio_pipeline_0. (constraint file  auto generated constraint).
---------------------------------------------------------------------------------
Finished applying 'set_property' XDC Constraints : Time (s): cpu = 00:00:02 ; elapsed = 00:00:09 . Memory (MB): peak = 2140.902 ; gain = 373.848
---------------------------------------------------------------------------------
---------------------------------------------------------------------------------
Finished RTL Optimization Phase 2 : Time (s): cpu = 00:00:02 ; elapsed = 00:00:10 . Memory (MB): peak = 2140.902 ; gain = 373.848
---------------------------------------------------------------------------------
---------------------------------------------------------------------------------
Start RTL Component Statistics 
---------------------------------------------------------------------------------
Detailed RTL Component Info : 
---------------------------------------------------------------------------------
Finished RTL Component Statistics 
---------------------------------------------------------------------------------
---------------------------------------------------------------------------------
Start Part Resource Summary
---------------------------------------------------------------------------------
Part Resources:
DSPs: 1248 (col length:96)
BRAMs: 288 (col length: RAMB18 96 RAMB36 48)
---------------------------------------------------------------------------------
Finished Part Resource Summary
---------------------------------------------------------------------------------
---------------------------------------------------------------------------------
Start Cross Boundary and Area Optimization
---------------------------------------------------------------------------------
WARNING: [Synth 8-7080] Parallel synthesis criteria is not met
WARNING: [Synth 8-7129] Port M00_ACLK in module design_1_ps8_0_axi_periph_1 is either unconnected or has no load
WARNING: [Synth 8-7129] Port M00_ARESETN in module design_1_ps8_0_axi_periph_1 is either unconnected or has no load
WARNING: [Synth 8-7129] Port M01_ACLK in module design_1_ps8_0_axi_periph_1 is either unconnected or has no load
WARNING: [Synth 8-7129] Port M01_ARESETN in module design_1_ps8_0_axi_periph_1 is either unconnected or has no load
WARNING: [Synth 8-7129] Port S00_ACLK in module design_1_ps8_0_axi_periph_1 is either unconnected or has no load
WARNING: [Synth 8-7129] Port S00_ARESETN in module design_1_ps8_0_axi_periph_1 is either unconnected or has no load
---------------------------------------------------------------------------------
Finished Cross Boundary and Area Optimization : Time (s): cpu = 00:00:02 ; elapsed = 00:00:11 . Memory (MB): peak = 2140.902 ; gain = 373.848
---------------------------------------------------------------------------------
---------------------------------------------------------------------------------
Start Applying XDC Timing Constraints
---------------------------------------------------------------------------------
---------------------------------------------------------------------------------
Finished Applying XDC Timing Constraints : Time (s): cpu = 00:00:04 ; elapsed = 00:00:18 . Memory (MB): peak = 2697.145 ; gain = 930.090
---------------------------------------------------------------------------------
---------------------------------------------------------------------------------
Start Timing Optimization
---------------------------------------------------------------------------------
---------------------------------------------------------------------------------
Finished Timing Optimization : Time (s): cpu = 00:00:04 ; elapsed = 00:00:18 . Memory (MB): peak = 2697.293 ; gain = 930.238
---------------------------------------------------------------------------------
---------------------------------------------------------------------------------
Start Technology Mapping
---------------------------------------------------------------------------------
---------------------------------------------------------------------------------
Finished Technology Mapping : Time (s): cpu = 00:00:04 ; elapsed = 00:00:18 . Memory (MB): peak = 2716.402 ; gain = 949.348
---------------------------------------------------------------------------------
---------------------------------------------------------------------------------
Start IO Insertion
---------------------------------------------------------------------------------
---------------------------------------------------------------------------------
Start Flattening Before IO Insertion
---------------------------------------------------------------------------------
---------------------------------------------------------------------------------
Finished Flattening Before IO Insertion
---------------------------------------------------------------------------------
---------------------------------------------------------------------------------
Start Final Netlist Cleanup
---------------------------------------------------------------------------------
---------------------------------------------------------------------------------
Finished Final Netlist Cleanup
---------------------------------------------------------------------------------
---------------------------------------------------------------------------------
Finished IO Insertion : Time (s): cpu = 00:00:04 ; elapsed = 00:00:20 . Memory (MB): peak = 2723.148 ; gain = 956.094
---------------------------------------------------------------------------------
---------------------------------------------------------------------------------
Start Renaming Generated Instances
---------------------------------------------------------------------------------
---------------------------------------------------------------------------------
Finished Renaming Generated Instances : Time (s): cpu = 00:00:04 ; elapsed = 00:00:20 . Memory (MB): peak = 2723.148 ; gain = 956.094
---------------------------------------------------------------------------------
---------------------------------------------------------------------------------
Start Rebuilding User Hierarchy
---------------------------------------------------------------------------------
---------------------------------------------------------------------------------
Finished Rebuilding User Hierarchy : Time (s): cpu = 00:00:04 ; elapsed = 00:00:20 . Memory (MB): peak = 2723.148 ; gain = 956.094
---------------------------------------------------------------------------------
---------------------------------------------------------------------------------
Start Renaming Generated Ports
---------------------------------------------------------------------------------
---------------------------------------------------------------------------------
Finished Renaming Generated Ports : Time (s): cpu = 00:00:04 ; elapsed = 00:00:20 . Memory (MB): peak = 2723.148 ; gain = 956.094
---------------------------------------------------------------------------------
---------------------------------------------------------------------------------
Start Handling Custom Attributes
---------------------------------------------------------------------------------
---------------------------------------------------------------------------------
Finished Handling Custom Attributes : Time (s): cpu = 00:00:04 ; elapsed = 00:00:20 . Memory (MB): peak = 2723.148 ; gain = 956.094
---------------------------------------------------------------------------------
---------------------------------------------------------------------------------
Start Renaming Generated Nets
---------------------------------------------------------------------------------
---------------------------------------------------------------------------------
Finished Renaming Generated Nets : Time (s): cpu = 00:00:04 ; elapsed = 00:00:20 . Memory (MB): peak = 2723.148 ; gain = 956.094
---------------------------------------------------------------------------------
---------------------------------------------------------------------------------
Start Writing Synthesis Report
---------------------------------------------------------------------------------

Report BlackBoxes: 
+------+-----------------------------+----------+
|      |BlackBox name                |Instances |
+------+-----------------------------+----------+
|1     |design_1_xbar_0              |         1|
|2     |design_1_auto_ds_0           |         1|
|3     |design_1_auto_pc_0           |         1|
|4     |design_1_audio_pipeline_0_1  |         1|
|5     |design_1_axi_dma_0_0         |         1|
|6     |design_1_axi_smc_1           |         1|
|7     |design_1_clk_wiz_0_0         |         1|
|8     |design_1_rst_ps8_0_99M_1     |         1|
|9     |design_1_zynq_ultra_ps_e_0_0 |         1|
+------+-----------------------------+----------+

Report Cell Usage: 
+------+----------------------------------+------+
|      |Cell                              |Count |
+------+----------------------------------+------+
|1     |design_1_audio_pipeline_0_1_bbox  |     1|
|2     |design_1_auto_ds_0_bbox           |     1|
|3     |design_1_auto_pc_0_bbox           |     1|
|4     |design_1_axi_dma_0_0_bbox         |     1|
|5     |design_1_axi_smc_1_bbox           |     1|
|6     |design_1_clk_wiz_0_0_bbox         |     1|
|7     |design_1_rst_ps8_0_99M_1_bbox     |     1|
|8     |design_1_xbar_0_bbox              |     1|
|9     |design_1_zynq_ultra_ps_e_0_0_bbox |     1|
|10    |IBUF                              |     1|
|11    |OBUF                              |     2|
+------+----------------------------------+------+
---------------------------------------------------------------------------------
Finished Writing Synthesis Report : Time (s): cpu = 00:00:04 ; elapsed = 00:00:20 . Memory (MB): peak = 2723.148 ; gain = 956.094
---------------------------------------------------------------------------------
Synthesis finished with 0 errors, 0 critical warnings and 7 warnings.
Synthesis Optimization Runtime : Time (s): cpu = 00:00:03 ; elapsed = 00:00:17 . Memory (MB): peak = 2723.148 ; gain = 914.629
Synthesis Optimization Complete : Time (s): cpu = 00:00:04 ; elapsed = 00:00:20 . Memory (MB): peak = 2723.148 ; gain = 956.094
INFO: [Project 1-571] Translating synthesized netlist
Netlist sorting complete. Time (s): cpu = 00:00:00 ; elapsed = 00:00:00.015 . Memory (MB): peak = 2735.195 ; gain = 0.000
INFO: [Netlist 29-17] Analyzing 1 Unisim elements for replacement
INFO: [Netlist 29-28] Unisim Transformation completed in 0 CPU seconds
INFO: [Project 1-570] Preparing netlist for logic optimization
INFO: [Opt 31-138] Pushed 0 inverter(s) to 0 load pin(s).
Netlist sorting complete. Time (s): cpu = 00:00:00 ; elapsed = 00:00:00 . Memory (MB): peak = 2765.461 ; gain = 0.000
INFO: [Project 1-111] Unisim Transformation Summary:
  A total of 1 instances were transformed.
  IBUF => IBUF (IBUFCTRL, INBUF): 1 instance 

Synth Design complete, checksum: c1536108
INFO: [Common 17-83] Releasing license: Synthesis
53 Infos, 49 Warnings, 0 Critical Warnings and 0 Errors encountered.
synth_design completed successfully
synth_design: Time (s): cpu = 00:00:04 ; elapsed = 00:00:25 . Memory (MB): peak = 2765.461 ; gain = 1161.051
INFO: [Common 17-1381] The checkpoint 'C:/Users/Mando/Documents/projects/COMP3601_group_n/COMP3601_group.runs/synth_1/design_1_wrapper.dcp' has been generated.
INFO: [runtcl-4] Executing : report_utilization -file design_1_wrapper_utilization_synth.rpt -pb design_1_wrapper_utilization_synth.pb
INFO: [Common 17-206] Exiting Vivado at Sat Oct 21 22:17:41 2023...
